{
  "stats": {
    "suites": 1,
    "tests": 1,
    "passes": 1,
    "pending": 0,
    "failures": 0,
    "start": "2023-02-17T09:10:38.296Z",
    "end": "2023-02-17T09:10:47.346Z",
    "duration": 9050,
    "testsRegistered": 1,
    "passPercent": 100,
    "pendingPercent": 0,
    "other": 0,
    "hasOther": false,
    "skipped": 0,
    "hasSkipped": false
  },
  "results": [
    {
      "uuid": "9e1b913e-f8a3-4ef0-9b2b-ebfdd0f0b947",
      "title": "",
      "fullFile": "cypress\\e2e\\testScripts\\VerifyBackToHomePage.cy.js",
      "file": "cypress\\e2e\\testScripts\\VerifyBackToHomePage.cy.js",
      "beforeHooks": [],
      "afterHooks": [],
      "tests": [],
      "suites": [
        {
          "uuid": "fd4e98f4-b789-4e4b-b652-c313a5ef3690",
          "title": "Navigate back to home page",
          "fullFile": "",
          "file": "",
          "beforeHooks": [],
          "afterHooks": [],
          "tests": [
            {
              "title": "Navigate back to home page",
              "fullTitle": "Navigate back to home page Navigate back to home page",
              "timedOut": null,
              "duration": 5861,
              "state": "passed",
              "speed": "medium",
              "pass": true,
              "fail": false,
              "pending": false,
              "context": null,
              "code": "loginPage.login(this.LoginData.userName, this.LoginData.password);\nhomePage.addproduct(this.homePageData.productname);\nshoppingCartContainer.clickCart();\nshoppingCartContainer.selectCheckOut();\ncheckoutPage.enterUserInformation(this.checkoutPageData.firstName, this.checkoutPageData.lastName, this.checkoutPageData.postalCode);\ncheckoutPage.selectContinueButton();\noverviewPage.selectFinish();\ncompletePage.selectBackHome();\nproductPage.validateProductPageTitle(this.ProductPageData.productText);",
              "err": {},
              "uuid": "d930c22b-ba7d-4d24-8665-801d7d5ec2ef",
              "parentUUID": "fd4e98f4-b789-4e4b-b652-c313a5ef3690",
              "isHook": false,
              "skipped": false
            }
          ],
          "suites": [],
          "passes": [
            "d930c22b-ba7d-4d24-8665-801d7d5ec2ef"
          ],
          "failures": [],
          "pending": [],
          "skipped": [],
          "duration": 5861,
          "root": false,
          "rootEmpty": false,
          "_timeout": 2000
        }
      ],
      "passes": [],
      "failures": [],
      "pending": [],
      "skipped": [],
      "duration": 0,
      "root": true,
      "rootEmpty": true,
      "_timeout": 2000
    }
  ],
  "meta": {
    "mocha": {
      "version": "7.0.1"
    },
    "mochawesome": {
      "options": {
        "quiet": false,
        "reportFilename": "mochawesome",
        "saveHtml": false,
        "saveJson": true,
        "consoleReporter": "spec",
        "useInlineDiffs": false,
        "code": true
      },
      "version": "7.1.3"
    },
    "marge": {
      "options": {
        "chats": true,
        "overwrite": false,
        "html": false,
        "json": true,
        "reportDir": "cypress/reports"
      },
      "version": "6.2.0"
    }
  }
}