{
  "stats": {
    "suites": 1,
    "tests": 1,
    "passes": 1,
    "pending": 0,
    "failures": 0,
    "start": "2023-02-17T09:10:54.751Z",
    "end": "2023-02-17T09:11:00.374Z",
    "duration": 5623,
    "testsRegistered": 1,
    "passPercent": 100,
    "pendingPercent": 0,
    "other": 0,
    "hasOther": false,
    "skipped": 0,
    "hasSkipped": false
  },
  "results": [
    {
      "uuid": "19b37169-1824-45f3-93b9-c8835391d588",
      "title": "",
      "fullFile": "cypress\\e2e\\testScripts\\VerifyCartPage.cy.js",
      "file": "cypress\\e2e\\testScripts\\VerifyCartPage.cy.js",
      "beforeHooks": [],
      "afterHooks": [],
      "tests": [],
      "suites": [
        {
          "uuid": "4b1ff59b-32d1-452d-912b-4e5ad72a37c0",
          "title": "Verify YOUR CART's product list, then click the checkout button.",
          "fullFile": "",
          "file": "",
          "beforeHooks": [],
          "afterHooks": [],
          "tests": [
            {
              "title": "Validate the product list",
              "fullTitle": "Verify YOUR CART's product list, then click the checkout button. Validate the product list",
              "timedOut": null,
              "duration": 3200,
              "state": "passed",
              "speed": "fast",
              "pass": true,
              "fail": false,
              "pending": false,
              "context": null,
              "code": "loginPage.login(this.LoginData.userName, this.LoginData.password);\nhomePage.addproduct(this.homePageData.productname);\nshoppingCartContainer.clickCart();\nshoppingCartContainer.validateYourCartProducts(this.homePageData.productname);\nshoppingCartContainer.selectCheckOut();",
              "err": {},
              "uuid": "32d2ae05-11a0-4b64-b29b-56af0824bce2",
              "parentUUID": "4b1ff59b-32d1-452d-912b-4e5ad72a37c0",
              "isHook": false,
              "skipped": false
            }
          ],
          "suites": [],
          "passes": [
            "32d2ae05-11a0-4b64-b29b-56af0824bce2"
          ],
          "failures": [],
          "pending": [],
          "skipped": [],
          "duration": 3200,
          "root": false,
          "rootEmpty": false,
          "_timeout": 2000
        }
      ],
      "passes": [],
      "failures": [],
      "pending": [],
      "skipped": [],
      "duration": 0,
      "root": true,
      "rootEmpty": true,
      "_timeout": 2000
    }
  ],
  "meta": {
    "mocha": {
      "version": "7.0.1"
    },
    "mochawesome": {
      "options": {
        "quiet": false,
        "reportFilename": "mochawesome",
        "saveHtml": false,
        "saveJson": true,
        "consoleReporter": "spec",
        "useInlineDiffs": false,
        "code": true
      },
      "version": "7.1.3"
    },
    "marge": {
      "options": {
        "chats": true,
        "overwrite": false,
        "html": false,
        "json": true,
        "reportDir": "cypress/reports"
      },
      "version": "6.2.0"
    }
  }
}