{
  "stats": {
    "suites": 1,
    "tests": 1,
    "passes": 1,
    "pending": 0,
    "failures": 0,
    "start": "2023-02-17T09:11:46.622Z",
    "end": "2023-02-17T09:11:51.088Z",
    "duration": 4466,
    "testsRegistered": 1,
    "passPercent": 100,
    "pendingPercent": 0,
    "other": 0,
    "hasOther": false,
    "skipped": 0,
    "hasSkipped": false
  },
  "results": [
    {
      "uuid": "63c6a387-716d-4fa5-a2cf-cdb59d4661c7",
      "title": "",
      "fullFile": "cypress\\e2e\\testScripts\\VerifyHomePage.cy.js",
      "file": "cypress\\e2e\\testScripts\\VerifyHomePage.cy.js",
      "beforeHooks": [],
      "afterHooks": [],
      "tests": [],
      "suites": [
        {
          "uuid": "4fc36cac-aa54-4f3f-95e5-532a9346ddde",
          "title": "Add products",
          "fullFile": "",
          "file": "",
          "beforeHooks": [],
          "afterHooks": [],
          "tests": [
            {
              "title": "Add products to the cart",
              "fullTitle": "Add products Add products to the cart",
              "timedOut": null,
              "duration": 2375,
              "state": "passed",
              "speed": "fast",
              "pass": true,
              "fail": false,
              "pending": false,
              "context": null,
              "code": "login.login(this.LoginData.userName, this.LoginData.password);\nhomePage.validateHomePageProperties();\nhomePage.addproduct(this.homePageData.productname);",
              "err": {},
              "uuid": "e760bfbb-5a5f-4fd5-b298-0cb566b682e8",
              "parentUUID": "4fc36cac-aa54-4f3f-95e5-532a9346ddde",
              "isHook": false,
              "skipped": false
            }
          ],
          "suites": [],
          "passes": [
            "e760bfbb-5a5f-4fd5-b298-0cb566b682e8"
          ],
          "failures": [],
          "pending": [],
          "skipped": [],
          "duration": 2375,
          "root": false,
          "rootEmpty": false,
          "_timeout": 2000
        }
      ],
      "passes": [],
      "failures": [],
      "pending": [],
      "skipped": [],
      "duration": 0,
      "root": true,
      "rootEmpty": true,
      "_timeout": 2000
    }
  ],
  "meta": {
    "mocha": {
      "version": "7.0.1"
    },
    "mochawesome": {
      "options": {
        "quiet": false,
        "reportFilename": "mochawesome",
        "saveHtml": false,
        "saveJson": true,
        "consoleReporter": "spec",
        "useInlineDiffs": false,
        "code": true
      },
      "version": "7.1.3"
    },
    "marge": {
      "options": {
        "chats": true,
        "overwrite": false,
        "html": false,
        "json": true,
        "reportDir": "cypress/reports"
      },
      "version": "6.2.0"
    }
  }
}